<?xml version="1.0" encoding="UTF-8"?>
<testsuite xmlns:xsi="http://www.w3.org/2001/XMLSchema-instance" xsi:noNamespaceSchemaLocation="https://maven.apache.org/surefire/maven-surefire-plugin/xsd/surefire-test-report.xsd" name="TestSuite" time="66.522" tests="16" errors="0" skipped="0" failures="2">
  <properties>
[...]
</properties>
  <testcase name="ValidateHomePageElements" classname="com.qa.BDO.Test.BDO_Home_Testcases" time="1.835"/>
  <testcase name="VerifyLoginCredentials" classname="com.qa.BDO.Test.BDO_Login_Testcases" time="2.012"/>
  <testcase name="VerifyLoginCredentials" classname="com.qa.BDO.Test.BDO_Login_Testcases" time="0.216"/>
  <testcase name="VerifyLoginCredentials" classname="com.qa.BDO.Test.BDO_Login_Testcases" time="0.106"/>
  <testcase name="VerifyLoginCredentials" classname="com.qa.BDO.Test.BDO_Login_Testcases" time="0.881"/>
  <testcase name="VerifyLoginCredentials" classname="com.qa.BDO.Test.BDO_Login_Testcases" time="1.4"/>
  <testcase name="LoginAttemptExhausted" classname="com.qa.BDO.Test.BDO_Login_Testcases" time="2.845"/>
  <testcase name="VaildateSuccessfullogin" classname="com.qa.BDO.Test.BDO_Login_Testcases" time="6.606"/>
  <testcase name="NavigateToUpdateProfilePage" classname="com.qa.BDO.Test.BDO_AccountSummary_Testcases" time="6.929"/>
  <testcase name="NavigateToManageProfile" classname="com.qa.BDO.Test.BDO_ManageProfile_Testcases" time="7.526"/>
  <testcase name="Verify_Cancel_UpdateMobile" classname="com.qa.BDO.Test.BDO_ManageProfile_Testcases" time="0.749"/>
  <testcase name="Verify_Cancel_UpdateEmail" classname="com.qa.BDO.Test.BDO_ManageProfile_Testcases" time="0.113"/>
  <testcase name="Verify_function_of_Cancel_pop" classname="com.qa.BDO.Test.BDO_ManageProfile_Testcases" time="0.528"/>
  <testcase name="VerifyManageProfile_UpdateMobile" classname="com.qa.BDO.Test.BDO_ManageProfile_Testcases" time="16.7">
    <failure message="Error {&#10;  message=&apos;Target closed&#10;=========================== logs ===========================&#10;waiting for locator(&quot;xpath=(//div[@class=&apos;success-header&apos;])[1]&quot;)&#10;============================================================&#10;  name=&apos;Error&#10;  stack=&apos;Error: Target closed&#10;=========================== logs ===========================&#10;waiting for locator(&quot;xpath=(//div[@class=&apos;success-header&apos;])[1]&quot;)&#10;============================================================&#10;    at /private/var/folders/70/x874lf6n7cx_4tkvkkcwsmhh0000gr/T/playwright-java-6974755855971575440/package/lib/server/chromium/crConnection.js:169:16&#10;    at new Promise (&lt;anonymous&gt;)&#10;    at CRSession.send (/private/var/folders/70/x874lf6n7cx_4tkvkkcwsmhh0000gr/T/playwright-java-6974755855971575440/package/lib/server/chromium/crConnection.js:165:12)&#10;    at CRExecutionContext.evaluateWithArguments (/private/var/folders/70/x874lf6n7cx_4tkvkkcwsmhh0000gr/T/playwright-java-6974755855971575440/package/lib/server/chromium/crExecutionContext.js:78:28)&#10;    at FrameExecutionContext.evaluateWithArguments (/private/var/folders/70/x874lf6n7cx_4tkvkkcwsmhh0000gr/T/playwright-java-6974755855971575440/package/lib/server/javascript.js:61:61)&#10;    at evaluateExpression (/private/var/folders/70/x874lf6n7cx_4tkvkkcwsmhh0000gr/T/playwright-java-6974755855971575440/package/lib/server/javascript.js:215:26)&#10;    at async InjectedScriptPollHandler.finish (/private/var/folders/70/x874lf6n7cx_4tkvkkcwsmhh0000gr/T/playwright-java-6974755855971575440/package/lib/server/dom.js:864:22)&#10;    at async RerunnableTask.rerun (/private/var/folders/70/x874lf6n7cx_4tkvkkcwsmhh0000gr/T/playwright-java-6974755855971575440/package/lib/server/frames.js:1557:44)&#10;}" type="com.microsoft.playwright.PlaywrightException"><![CDATA[com.microsoft.playwright.PlaywrightException: 
Error {
  message='Target closed
=========================== logs ===========================
waiting for locator("xpath=(//div[@class='success-header'])[1]")
============================================================
  name='Error
  stack='Error: Target closed
=========================== logs ===========================
waiting for locator("xpath=(//div[@class='success-header'])[1]")
============================================================
    at /private/var/folders/70/x874lf6n7cx_4tkvkkcwsmhh0000gr/T/playwright-java-6974755855971575440/package/lib/server/chromium/crConnection.js:169:16
    at new Promise (<anonymous>)
    at CRSession.send (/private/var/folders/70/x874lf6n7cx_4tkvkkcwsmhh0000gr/T/playwright-java-6974755855971575440/package/lib/server/chromium/crConnection.js:165:12)
    at CRExecutionContext.evaluateWithArguments (/private/var/folders/70/x874lf6n7cx_4tkvkkcwsmhh0000gr/T/playwright-java-6974755855971575440/package/lib/server/chromium/crExecutionContext.js:78:28)
    at FrameExecutionContext.evaluateWithArguments (/private/var/folders/70/x874lf6n7cx_4tkvkkcwsmhh0000gr/T/playwright-java-6974755855971575440/package/lib/server/javascript.js:61:61)
    at evaluateExpression (/private/var/folders/70/x874lf6n7cx_4tkvkkcwsmhh0000gr/T/playwright-java-6974755855971575440/package/lib/server/javascript.js:215:26)
    at async InjectedScriptPollHandler.finish (/private/var/folders/70/x874lf6n7cx_4tkvkkcwsmhh0000gr/T/playwright-java-6974755855971575440/package/lib/server/dom.js:864:22)
    at async RerunnableTask.rerun (/private/var/folders/70/x874lf6n7cx_4tkvkkcwsmhh0000gr/T/playwright-java-6974755855971575440/package/lib/server/frames.js:1557:44)
}
	at com.qa.BDO.Test.BDO_ManageProfile_Testcases.VerifyManageProfile_UpdateMobile(BDO_ManageProfile_Testcases.java:34)
Caused by: com.microsoft.playwright.impl.DriverException: 
Error {
  message='Target closed
=========================== logs ===========================
waiting for locator("xpath=(//div[@class='success-header'])[1]")
============================================================
  name='Error
  stack='Error: Target closed
=========================== logs ===========================
waiting for locator("xpath=(//div[@class='success-header'])[1]")
============================================================
    at /private/var/folders/70/x874lf6n7cx_4tkvkkcwsmhh0000gr/T/playwright-java-6974755855971575440/package/lib/server/chromium/crConnection.js:169:16
    at new Promise (<anonymous>)
    at CRSession.send (/private/var/folders/70/x874lf6n7cx_4tkvkkcwsmhh0000gr/T/playwright-java-6974755855971575440/package/lib/server/chromium/crConnection.js:165:12)
    at CRExecutionContext.evaluateWithArguments (/private/var/folders/70/x874lf6n7cx_4tkvkkcwsmhh0000gr/T/playwright-java-6974755855971575440/package/lib/server/chromium/crExecutionContext.js:78:28)
    at FrameExecutionContext.evaluateWithArguments (/private/var/folders/70/x874lf6n7cx_4tkvkkcwsmhh0000gr/T/playwright-java-6974755855971575440/package/lib/server/javascript.js:61:61)
    at evaluateExpression (/private/var/folders/70/x874lf6n7cx_4tkvkkcwsmhh0000gr/T/playwright-java-6974755855971575440/package/lib/server/javascript.js:215:26)
    at async InjectedScriptPollHandler.finish (/private/var/folders/70/x874lf6n7cx_4tkvkkcwsmhh0000gr/T/playwright-java-6974755855971575440/package/lib/server/dom.js:864:22)
    at async RerunnableTask.rerun (/private/var/folders/70/x874lf6n7cx_4tkvkkcwsmhh0000gr/T/playwright-java-6974755855971575440/package/lib/server/frames.js:1557:44)
}
	at com.qa.BDO.Test.BDO_ManageProfile_Testcases.VerifyManageProfile_UpdateMobile(BDO_ManageProfile_Testcases.java:34)
]]></failure>
    <system-out><![CDATA[
TC:02 Verify the UI of Update Mobile Number section:


The Mobile Number label is verified
The current Mobile Number is: +919561564998 
The label above dropdown is:
 Mobile number 
Update
button is present 

Sub header is: Update Mobile Number 
 The default country code is: (+63) 
+919561564998]]></system-out>
  </testcase>
  <testcase name="VerifyManageProfilePage_UpdateEmail" classname="com.qa.BDO.Test.BDO_ManageProfile_Testcases" time="0.006">
    <failure message="Error {&#10;  message=&apos;Target page, context or browser has been closed&#10;  name=&apos;Error&#10;  stack=&apos;Error: Target page, context or browser has been closed&#10;    at DispatcherConnection.dispatch (/private/var/folders/70/x874lf6n7cx_4tkvkkcwsmhh0000gr/T/playwright-java-6974755855971575440/package/lib/server/dispatchers/dispatcher.js:230:49)&#10;    at PipeTransport.transport.onmessage (/private/var/folders/70/x874lf6n7cx_4tkvkkcwsmhh0000gr/T/playwright-java-6974755855971575440/package/lib/cli/driver.js:50:57)&#10;    at Immediate._onImmediate (/private/var/folders/70/x874lf6n7cx_4tkvkkcwsmhh0000gr/T/playwright-java-6974755855971575440/package/lib/protocol/transport.js:77:34)&#10;    at processImmediate (node:internal/timers:466:21)&#10;}" type="com.microsoft.playwright.PlaywrightException">com.microsoft.playwright.PlaywrightException: 
Error {
  message='Target page, context or browser has been closed
  name='Error
  stack='Error: Target page, context or browser has been closed
    at DispatcherConnection.dispatch (/private/var/folders/70/x874lf6n7cx_4tkvkkcwsmhh0000gr/T/playwright-java-6974755855971575440/package/lib/server/dispatchers/dispatcher.js:230:49)
    at PipeTransport.transport.onmessage (/private/var/folders/70/x874lf6n7cx_4tkvkkcwsmhh0000gr/T/playwright-java-6974755855971575440/package/lib/cli/driver.js:50:57)
    at Immediate._onImmediate (/private/var/folders/70/x874lf6n7cx_4tkvkkcwsmhh0000gr/T/playwright-java-6974755855971575440/package/lib/protocol/transport.js:77:34)
    at processImmediate (node:internal/timers:466:21)
}
	at com.qa.BDO.Test.BDO_ManageProfile_Testcases.VerifyManageProfilePage_UpdateEmail(BDO_ManageProfile_Testcases.java:71)
Caused by: com.microsoft.playwright.impl.DriverException: 
Error {
  message='Target page, context or browser has been closed
  name='Error
  stack='Error: Target page, context or browser has been closed
    at DispatcherConnection.dispatch (/private/var/folders/70/x874lf6n7cx_4tkvkkcwsmhh0000gr/T/playwright-java-6974755855971575440/package/lib/server/dispatchers/dispatcher.js:230:49)
    at PipeTransport.transport.onmessage (/private/var/folders/70/x874lf6n7cx_4tkvkkcwsmhh0000gr/T/playwright-java-6974755855971575440/package/lib/cli/driver.js:50:57)
    at Immediate._onImmediate (/private/var/folders/70/x874lf6n7cx_4tkvkkcwsmhh0000gr/T/playwright-java-6974755855971575440/package/lib/protocol/transport.js:77:34)
    at processImmediate (node:internal/timers:466:21)
}
	at com.qa.BDO.Test.BDO_ManageProfile_Testcases.VerifyManageProfilePage_UpdateEmail(BDO_ManageProfile_Testcases.java:71)
</failure>
    <system-out><![CDATA[
TC:05 Verify the UI of Update Email Address section:

]]></system-out>
  </testcase>
  <testcase name="Reset_User_profile_details" classname="com.qa.BDO.Test.BDO_ManageProfile_Testcases" time="2.753"/>
</testsuite>