<?xml version="1.0" encoding="UTF-8"?>
<!-- Generated by org.testng.reporters.JUnitXMLReporter -->
<testsuite ignored="0" hostname="XE-GGN-IT-04936" failures="2" tests="7" name="BDO_ManageProfile_Testcase" time="31.162" errors="0" timestamp="2023-02-09T23:58:11 IST">
  <testcase classname="com.qa.BDO.Test.BDO_ManageProfile_Testcases" name="NavigateToManageProfile" time="7.525"/>
  <testcase classname="com.qa.BDO.Test.BDO_ManageProfile_Testcases" name="Verify_Cancel_UpdateMobile" time="0.748"/>
  <testcase classname="com.qa.BDO.Test.BDO_ManageProfile_Testcases" name="Verify_Cancel_UpdateEmail" time="0.112"/>
  <testcase classname="com.qa.BDO.Test.BDO_ManageProfile_Testcases" name="Verify_function_of_Cancel_pop" time="0.527"/>
  <testcase classname="com.qa.BDO.Test.BDO_ManageProfile_Testcases" name="VerifyManageProfile_UpdateMobile" time="16.69">
    <failure type="com.microsoft.playwright.PlaywrightException" message="Error {
  message=&amp;apos;Target closed
=========================== logs ===========================
waiting for locator(&amp;quot;xpath=(//div[@class=&amp;apos;success-header&amp;apos;])[1]&amp;quot;)
============================================================
  name=&amp;apos;Error
  stack=&amp;apos;Error: Target closed
=========================== logs ===========================
waiting for locator(&amp;quot;xpath=(//div[@class=&amp;apos;success-header&amp;apos;])[1]&amp;quot;)
============================================================
    at /private/var/folders/70/x874lf6n7cx_4tkvkkcwsmhh0000gr/T/playwright-java-6974755855971575440/package/lib/server/chromium/crConnection.js:169:16
    at new Promise (&amp;lt;anonymous&amp;gt;)
    at CRSession.send (/private/var/folders/70/x874lf6n7cx_4tkvkkcwsmhh0000gr/T/playwright-java-6974755855971575440/package/lib/server/chromium/crConnection.js:165:12)
    at CRExecutionContext.evaluateWithArguments (/private/var/folders/70/x874lf6n7cx_4tkvkkcwsmhh0000gr/T/playwright-java-6974755855971575440/package/lib/server/chromium/crExecutionContext.js:78:28)
    at FrameExecutionContext.evaluateWithArguments (/private/var/folders/70/x874lf6n7cx_4tkvkkcwsmhh0000gr/T/playwright-java-6974755855971575440/package/lib/server/javascript.js:61:61)
    at evaluateExpression (/private/var/folders/70/x874lf6n7cx_4tkvkkcwsmhh0000gr/T/playwright-java-6974755855971575440/package/lib/server/javascript.js:215:26)
    at async InjectedScriptPollHandler.finish (/private/var/folders/70/x874lf6n7cx_4tkvkkcwsmhh0000gr/T/playwright-java-6974755855971575440/package/lib/server/dom.js:864:22)
    at async RerunnableTask.rerun (/private/var/folders/70/x874lf6n7cx_4tkvkkcwsmhh0000gr/T/playwright-java-6974755855971575440/package/lib/server/frames.js:1557:44)
}">
      <![CDATA[com.microsoft.playwright.PlaywrightException: Error {
  message='Target closed
=========================== logs ===========================
waiting for locator("xpath=(//div[@class='success-header'])[1]")
============================================================
  name='Error
  stack='Error: Target closed
=========================== logs ===========================
waiting for locator("xpath=(//div[@class='success-header'])[1]")
============================================================
    at /private/var/folders/70/x874lf6n7cx_4tkvkkcwsmhh0000gr/T/playwright-java-6974755855971575440/package/lib/server/chromium/crConnection.js:169:16
    at new Promise (<anonymous>)
    at CRSession.send (/private/var/folders/70/x874lf6n7cx_4tkvkkcwsmhh0000gr/T/playwright-java-6974755855971575440/package/lib/server/chromium/crConnection.js:165:12)
    at CRExecutionContext.evaluateWithArguments (/private/var/folders/70/x874lf6n7cx_4tkvkkcwsmhh0000gr/T/playwright-java-6974755855971575440/package/lib/server/chromium/crExecutionContext.js:78:28)
    at FrameExecutionContext.evaluateWithArguments (/private/var/folders/70/x874lf6n7cx_4tkvkkcwsmhh0000gr/T/playwright-java-6974755855971575440/package/lib/server/javascript.js:61:61)
    at evaluateExpression (/private/var/folders/70/x874lf6n7cx_4tkvkkcwsmhh0000gr/T/playwright-java-6974755855971575440/package/lib/server/javascript.js:215:26)
    at async InjectedScriptPollHandler.finish (/private/var/folders/70/x874lf6n7cx_4tkvkkcwsmhh0000gr/T/playwright-java-6974755855971575440/package/lib/server/dom.js:864:22)
    at async RerunnableTask.rerun (/private/var/folders/70/x874lf6n7cx_4tkvkkcwsmhh0000gr/T/playwright-java-6974755855971575440/package/lib/server/frames.js:1557:44)
}
at com.microsoft.playwright.impl.WaitableResult.get(WaitableResult.java:54)
at com.microsoft.playwright.impl.ChannelOwner.runUntil(ChannelOwner.java:111)
at com.microsoft.playwright.impl.Connection.sendMessage(Connection.java:119)
at com.microsoft.playwright.impl.ChannelOwner.sendMessage(ChannelOwner.java:102)
at com.microsoft.playwright.impl.FrameImpl.textContentImpl(FrameImpl.java:809)
at com.microsoft.playwright.impl.FrameImpl.lambda$textContent$39(FrameImpl.java:800)
at com.microsoft.playwright.impl.LoggingSupport.withLogging(LoggingSupport.java:47)
at com.microsoft.playwright.impl.ChannelOwner.withLogging(ChannelOwner.java:87)
at com.microsoft.playwright.impl.FrameImpl.textContent(FrameImpl.java:800)
at com.microsoft.playwright.impl.LocatorImpl.textContent(LocatorImpl.java:511)
at com.microsoft.playwright.Locator.textContent(Locator.java:3642)
at com.qa.BDO.pages.BDO_ManageProfile.VerifyMobileUpdateSuccess(BDO_ManageProfile.java:112)
at com.qa.BDO.Test.BDO_ManageProfile_Testcases.VerifyManageProfile_UpdateMobile(BDO_ManageProfile_Testcases.java:34)
at java.base/java.util.ArrayList.forEach(ArrayList.java:1511)
Caused by: com.microsoft.playwright.impl.DriverException: Error {
  message='Target closed
=========================== logs ===========================
waiting for locator("xpath=(//div[@class='success-header'])[1]")
============================================================
  name='Error
  stack='Error: Target closed
=========================== logs ===========================
waiting for locator("xpath=(//div[@class='success-header'])[1]")
============================================================
    at /private/var/folders/70/x874lf6n7cx_4tkvkkcwsmhh0000gr/T/playwright-java-6974755855971575440/package/lib/server/chromium/crConnection.js:169:16
    at new Promise (<anonymous>)
    at CRSession.send (/private/var/folders/70/x874lf6n7cx_4tkvkkcwsmhh0000gr/T/playwright-java-6974755855971575440/package/lib/server/chromium/crConnection.js:165:12)
    at CRExecutionContext.evaluateWithArguments (/private/var/folders/70/x874lf6n7cx_4tkvkkcwsmhh0000gr/T/playwright-java-6974755855971575440/package/lib/server/chromium/crExecutionContext.js:78:28)
    at FrameExecutionContext.evaluateWithArguments (/private/var/folders/70/x874lf6n7cx_4tkvkkcwsmhh0000gr/T/playwright-java-6974755855971575440/package/lib/server/javascript.js:61:61)
    at evaluateExpression (/private/var/folders/70/x874lf6n7cx_4tkvkkcwsmhh0000gr/T/playwright-java-6974755855971575440/package/lib/server/javascript.js:215:26)
    at async InjectedScriptPollHandler.finish (/private/var/folders/70/x874lf6n7cx_4tkvkkcwsmhh0000gr/T/playwright-java-6974755855971575440/package/lib/server/dom.js:864:22)
    at async RerunnableTask.rerun (/private/var/folders/70/x874lf6n7cx_4tkvkkcwsmhh0000gr/T/playwright-java-6974755855971575440/package/lib/server/frames.js:1557:44)
}
at com.microsoft.playwright.impl.Connection.dispatch(Connection.java:201)
at com.microsoft.playwright.impl.Connection.processOneMessage(Connection.java:181)
at com.microsoft.playwright.impl.ChannelOwner.runUntil(ChannelOwner.java:109)
... 40 more
... Removed 28 stack frames]]>
    </failure>
  </testcase> <!-- VerifyManageProfile_UpdateMobile -->
  <testcase classname="com.qa.BDO.Test.BDO_ManageProfile_Testcases" name="VerifyManageProfilePage_UpdateEmail" time="0.004">
    <failure type="com.microsoft.playwright.PlaywrightException" message="Error {
  message=&amp;apos;Target page, context or browser has been closed
  name=&amp;apos;Error
  stack=&amp;apos;Error: Target page, context or browser has been closed
    at DispatcherConnection.dispatch (/private/var/folders/70/x874lf6n7cx_4tkvkkcwsmhh0000gr/T/playwright-java-6974755855971575440/package/lib/server/dispatchers/dispatcher.js:230:49)
    at PipeTransport.transport.onmessage (/private/var/folders/70/x874lf6n7cx_4tkvkkcwsmhh0000gr/T/playwright-java-6974755855971575440/package/lib/cli/driver.js:50:57)
    at Immediate._onImmediate (/private/var/folders/70/x874lf6n7cx_4tkvkkcwsmhh0000gr/T/playwright-java-6974755855971575440/package/lib/protocol/transport.js:77:34)
    at processImmediate (node:internal/timers:466:21)
}">
      <![CDATA[com.microsoft.playwright.PlaywrightException: Error {
  message='Target page, context or browser has been closed
  name='Error
  stack='Error: Target page, context or browser has been closed
    at DispatcherConnection.dispatch (/private/var/folders/70/x874lf6n7cx_4tkvkkcwsmhh0000gr/T/playwright-java-6974755855971575440/package/lib/server/dispatchers/dispatcher.js:230:49)
    at PipeTransport.transport.onmessage (/private/var/folders/70/x874lf6n7cx_4tkvkkcwsmhh0000gr/T/playwright-java-6974755855971575440/package/lib/cli/driver.js:50:57)
    at Immediate._onImmediate (/private/var/folders/70/x874lf6n7cx_4tkvkkcwsmhh0000gr/T/playwright-java-6974755855971575440/package/lib/protocol/transport.js:77:34)
    at processImmediate (node:internal/timers:466:21)
}
at com.microsoft.playwright.impl.WaitableResult.get(WaitableResult.java:54)
at com.microsoft.playwright.impl.ChannelOwner.runUntil(ChannelOwner.java:111)
at com.microsoft.playwright.impl.Connection.sendMessage(Connection.java:119)
at com.microsoft.playwright.impl.ChannelOwner.sendMessage(ChannelOwner.java:102)
at com.microsoft.playwright.impl.FrameImpl.textContentImpl(FrameImpl.java:809)
at com.microsoft.playwright.impl.FrameImpl.lambda$textContent$39(FrameImpl.java:800)
at com.microsoft.playwright.impl.LoggingSupport.withLogging(LoggingSupport.java:47)
at com.microsoft.playwright.impl.ChannelOwner.withLogging(ChannelOwner.java:87)
at com.microsoft.playwright.impl.FrameImpl.textContent(FrameImpl.java:800)
at com.microsoft.playwright.impl.LocatorImpl.textContent(LocatorImpl.java:511)
at com.microsoft.playwright.Locator.textContent(Locator.java:3642)
at com.qa.BDO.pages.BDO_ManageProfile.VerifyUpdateEmailUI(BDO_ManageProfile.java:31)
at com.qa.BDO.Test.BDO_ManageProfile_Testcases.VerifyManageProfilePage_UpdateEmail(BDO_ManageProfile_Testcases.java:71)
at java.base/java.util.ArrayList.forEach(ArrayList.java:1511)
Caused by: com.microsoft.playwright.impl.DriverException: Error {
  message='Target page, context or browser has been closed
  name='Error
  stack='Error: Target page, context or browser has been closed
    at DispatcherConnection.dispatch (/private/var/folders/70/x874lf6n7cx_4tkvkkcwsmhh0000gr/T/playwright-java-6974755855971575440/package/lib/server/dispatchers/dispatcher.js:230:49)
    at PipeTransport.transport.onmessage (/private/var/folders/70/x874lf6n7cx_4tkvkkcwsmhh0000gr/T/playwright-java-6974755855971575440/package/lib/cli/driver.js:50:57)
    at Immediate._onImmediate (/private/var/folders/70/x874lf6n7cx_4tkvkkcwsmhh0000gr/T/playwright-java-6974755855971575440/package/lib/protocol/transport.js:77:34)
    at processImmediate (node:internal/timers:466:21)
}
at com.microsoft.playwright.impl.Connection.dispatch(Connection.java:201)
at com.microsoft.playwright.impl.Connection.processOneMessage(Connection.java:181)
at com.microsoft.playwright.impl.ChannelOwner.runUntil(ChannelOwner.java:109)
... 40 more
... Removed 28 stack frames]]>
    </failure>
  </testcase> <!-- VerifyManageProfilePage_UpdateEmail -->
  <testcase classname="com.qa.BDO.Test.BDO_ManageProfile_Testcases" name="Reset_User_profile_details" time="2.752"/>
</testsuite> <!-- BDO_ManageProfile_Testcase -->
