<?xml version="1.0" encoding="UTF-8"?>
<!-- Generated by org.testng.reporters.JUnitXMLReporter -->
<testsuite ignored="0" hostname="XE-GGN-IT-04936" failures="0" tests="7" name="BDO_Login_Testcase" time="17.73" errors="0" timestamp="2023-02-09T23:57:30 IST">
  <testcase classname="com.qa.BDO.Test.BDO_Login_Testcases" name="VerifyLoginCredentials" time="2.01"/>
  <testcase classname="com.qa.BDO.Test.BDO_Login_Testcases" name="VerifyLoginCredentials" time="0.215"/>
  <testcase classname="com.qa.BDO.Test.BDO_Login_Testcases" name="VerifyLoginCredentials" time="0.105"/>
  <testcase classname="com.qa.BDO.Test.BDO_Login_Testcases" name="VerifyLoginCredentials" time="0.878"/>
  <testcase classname="com.qa.BDO.Test.BDO_Login_Testcases" name="VerifyLoginCredentials" time="1.399"/>
  <testcase classname="com.qa.BDO.Test.BDO_Login_Testcases" name="LoginAttemptExhausted" time="2.829"/>
  <testcase classname="com.qa.BDO.Test.BDO_Login_Testcases" name="VaildateSuccessfullogin" time="6.605"/>
</testsuite> <!-- BDO_Login_Testcase -->
